This is pdfTeX, Version 3.14159265-2.6-1.40.19 (MiKTeX 2.9.6800 64-bit) (preloaded format=pdflatex 2018.9.18)  15 JAN 2019 17:45
entering extended mode
**./AquaSat_WRR_Submission.tex
(AquaSat_WRR_Submission.tex
LaTeX2e <2018-04-01> patch level 5
(agujournal2018.cls
Document Class: agujournal2018 08/23/2018
("C:\Program Files\MiKTeX 2.9\tex\latex\graphics\graphicx.sty"
Package: graphicx 2017/06/01 v1.1a Enhanced LaTeX Graphics (DPC,SPQR)
("C:\Program Files\MiKTeX 2.9\tex\latex\graphics\keyval.sty"
Package: keyval 2014/10/28 v1.15 key=value parser (DPC)
\KV@toks@=\toks14
) ("C:\Program Files\MiKTeX 2.9\tex\latex\graphics\graphics.sty"
Package: graphics 2017/06/25 v1.2c Standard LaTeX Graphics (DPC,SPQR)
("C:\Program Files\MiKTeX 2.9\tex\latex\graphics\trig.sty"
Package: trig 2016/01/03 v1.10 sin cos tan (DPC)
) ("C:\Program Files\MiKTeX 2.9\tex\latex\graphics-cfg\graphics.cfg"
File: graphics.cfg 2016/06/04 v1.11 sample graphics configuration
)
Package graphics Info: Driver file: pdftex.def on input line 99.
("C:\Program Files\MiKTeX 2.9\tex\latex\graphics-def\pdftex.def"
File: pdftex.def 2018/01/08 v1.0l Graphics/color driver for pdftex
))
\Gin@req@height=\dimen102
\Gin@req@width=\dimen103
) ("C:\Program Files\MiKTeX 2.9\tex\latex\xcolor\xcolor.sty"
Package: xcolor 2016/05/11 v2.12 LaTeX color extensions (UK)
("C:\Program Files\MiKTeX 2.9\tex\latex\graphics-cfg\color.cfg"
File: color.cfg 2016/01/02 v1.6 sample color configuration
)
Package xcolor Info: Driver file: pdftex.def on input line 225.
Package xcolor Info: Model `cmy' substituted by `cmy0' on input line 1348.
Package xcolor Info: Model `hsb' substituted by `rgb' on input line 1352.
Package xcolor Info: Model `RGB' extended on input line 1364.
Package xcolor Info: Model `HTML' substituted by `rgb' on input line 1366.
Package xcolor Info: Model `Hsb' substituted by `hsb' on input line 1367.
Package xcolor Info: Model `tHsb' substituted by `hsb' on input line 1368.
Package xcolor Info: Model `HSB' substituted by `hsb' on input line 1369.
Package xcolor Info: Model `Gray' substituted by `gray' on input line 1370.
Package xcolor Info: Model `wave' substituted by `hsb' on input line 1371.
) ("C:\Program Files\MiKTeX 2.9\tex\latex\url\url.sty"
\Urlmuskip=\muskip10
Package: url 2013/09/16  ver 3.4  Verb mode for urls, etc.
) (trackchanges.sty
Package: trackchanges 2009/04/22 v0.7.0 TrackChanges file 
("C:\Program Files\MiKTeX 2.9\tex\latex\base\ifthen.sty"
Package: ifthen 2014/09/29 v1.1c Standard LaTeX ifthen package (DPC)
) ("C:\Program Files\MiKTeX 2.9\tex\latex\tools\calc.sty"
Package: calc 2017/05/25 v4.3 Infix arithmetic (KKT,FJ)
\calc@Acount=\count80
\calc@Bcount=\count81
\calc@Adimen=\dimen104
\calc@Bdimen=\dimen105
\calc@Askip=\skip41
\calc@Bskip=\skip42
LaTeX Info: Redefining \setlength on input line 80.
LaTeX Info: Redefining \addtolength on input line 81.
\calc@Ccount=\count82
\calc@Cskip=\skip43
) ("C:\Program Files\MiKTeX 2.9\tex\latex\soul\soul.sty"
Package: soul 2003/11/17 v2.4 letterspacing/underlining (mf)
\SOUL@word=\toks15
\SOUL@lasttoken=\toks16
\SOUL@cmds=\toks17
\SOUL@buffer=\toks18
\SOUL@token=\toks19
\SOUL@spaceskip=\skip44
\SOUL@ttwidth=\dimen106
\SOUL@uldp=\dimen107
\SOUL@ulht=\dimen108
) ("C:\Program Files\MiKTeX 2.9\tex\latex\morefloats\morefloats.sty"
Package: morefloats 2015/07/22 v1.0h Raise limit of unprocessed floats (HMM)
("C:\Program Files\MiKTeX 2.9\tex\latex\oberdiek\kvoptions.sty"
Package: kvoptions 2016/05/16 v3.12 Key value format for package options (HO)
("C:\Program Files\MiKTeX 2.9\tex\generic\oberdiek\ltxcmds.sty"
Package: ltxcmds 2016/05/16 v1.23 LaTeX kernel commands for general use (HO)
) ("C:\Program Files\MiKTeX 2.9\tex\generic\oberdiek\kvsetkeys.sty"
Package: kvsetkeys 2016/05/16 v1.17 Key value parser (HO)
("C:\Program Files\MiKTeX 2.9\tex\generic\oberdiek\infwarerr.sty"
Package: infwarerr 2016/05/16 v1.4 Providing info/warning/error messages (HO)
) ("C:\Program Files\MiKTeX 2.9\tex\generic\oberdiek\etexcmds.sty"
Package: etexcmds 2016/05/16 v1.6 Avoid name clashes with e-TeX commands (HO)
("C:\Program Files\MiKTeX 2.9\tex\generic\oberdiek\ifluatex.sty"
Package: ifluatex 2016/05/16 v1.4 Provides the ifluatex switch (HO)
Package ifluatex Info: LuaTeX not detected.
)
Package etexcmds Info: Could not find \expanded.
(etexcmds)             That can mean that you are not using pdfTeX 1.50 or
(etexcmds)             that some package has redefined \expanded.
(etexcmds)             In the latter case, load this package earlier.
)))
Package morefloats Info: Maximum number of possible floats asked for: 36
(morefloats)             (i.e. 18 more floats).
(morefloats)             LaTeX might run out of memory before this
(morefloats)             (in which case it will notify you).
)
\c@userid=\count83
\c@changenumber=\count84
\c@storefootnote=\count85
\c@numeditors=\count86
\c@maxeditors=\count87
) ("C:\Program Files\MiKTeX 2.9\tex\latex\lineno\lineno.sty"
Package: lineno 2005/11/02 line numbers on paragraphs v4.41
\linenopenalty=\count88
\output=\toks20
\linenoprevgraf=\count89
\linenumbersep=\dimen109
\linenumberwidth=\dimen110
\c@linenumber=\count90
\c@pagewiselinenumber=\count91
\c@LN@truepage=\count92
\c@internallinenumber=\count93
\c@internallinenumbers=\count94
\quotelinenumbersep=\dimen111
\bframerule=\dimen112
\bframesep=\dimen113
\bframebox=\box26
LaTeX Info: Redefining \\ on input line 3056.
) ("C:\Program Files\MiKTeX 2.9\tex\latex\tools\indentfirst.sty"
Package: indentfirst 1995/11/23 v1.03 Indent first paragraph (DPC)
) ("C:\Program Files\MiKTeX 2.9\tex\latex\ms\ragged2e.sty"
Package: ragged2e 2009/05/21 v2.1 ragged2e Package (MS)
("C:\Program Files\MiKTeX 2.9\tex\latex\ms\everysel.sty"
Package: everysel 2011/10/28 v1.2 EverySelectfont Package (MS)
)
\CenteringLeftskip=\skip45
\RaggedLeftLeftskip=\skip46
\RaggedRightLeftskip=\skip47
\CenteringRightskip=\skip48
\RaggedLeftRightskip=\skip49
\RaggedRightRightskip=\skip50
\CenteringParfillskip=\skip51
\RaggedLeftParfillskip=\skip52
\RaggedRightParfillskip=\skip53
\JustifyingParfillskip=\skip54
\CenteringParindent=\skip55
\RaggedLeftParindent=\skip56
\RaggedRightParindent=\skip57
\JustifyingParindent=\skip58
) ("C:\Program Files\MiKTeX 2.9\tex\latex\graphics\rotating.sty"
Package: rotating 2016/08/11 v2.16d rotated objects in LaTeX
\c@r@tfl@t=\count95
\rotFPtop=\skip59
\rotFPbot=\skip60
\rot@float@box=\box27
\rot@mess@toks=\toks21
) ("C:\Program Files\MiKTeX 2.9\tex\latex\ulem\ulem.sty"
\UL@box=\box28
\UL@hyphenbox=\box29
\UL@skip=\skip61
\UL@hook=\toks22
\UL@height=\dimen114
\UL@pe=\count96
\UL@pixel=\dimen115
\ULC@box=\box30
Package: ulem 2012/05/18
\ULdepth=\dimen116
)
\draftskip=\count97
\c@section=\count98
\c@subsection=\count99
\c@subsubsection=\count100
\c@paragraph=\count101
\c@subparagraph=\count102
\c@figure=\count103
\c@table=\count104
\abovecaptionskip=\skip62
\belowcaptionskip=\skip63
\c@appendnum=\count105
\bibindent=\dimen117
("C:\Program Files\MiKTeX 2.9\tex\latex\apacite\apacite.sty"
Package: apacite 2013/07/21 v6.03 APA citation
\c@BibCnt=\count106
\bibleftmargin=\skip64
\bibindent=\skip65
\bibparsep=\skip66
\bibitemsep=\skip67
\biblabelsep=\skip68
) ("C:\Program Files\MiKTeX 2.9\tex\latex\natbib\natbib.sty"
Package: natbib 2010/09/13 8.31b (PWD, AO)
\bibhang=\skip69
\bibsep=\skip70
LaTeX Info: Redefining \cite on input line 694.
\c@NAT@ctr=\count107
)
LaTeX Info: Redefining \BBA on input line 1149.
) ("C:\Program Files\MiKTeX 2.9\tex\generic\oberdiek\soulutf8.sty"
Package: soulutf8 2016/05/16 v1.1 Permit use of UTF-8 characters in soul (HO)
) (AquaSat_WRR_Submission.aux)
\openout1 = `AquaSat_WRR_Submission.aux'.

LaTeX Font Info:    Checking defaults for OML/cmm/m/it on input line 69.
LaTeX Font Info:    ... okay on input line 69.
LaTeX Font Info:    Checking defaults for T1/cmr/m/n on input line 69.
LaTeX Font Info:    ... okay on input line 69.
LaTeX Font Info:    Checking defaults for OT1/cmr/m/n on input line 69.
LaTeX Font Info:    ... okay on input line 69.
LaTeX Font Info:    Checking defaults for OMS/cmsy/m/n on input line 69.
LaTeX Font Info:    ... okay on input line 69.
LaTeX Font Info:    Checking defaults for OMX/cmex/m/n on input line 69.
LaTeX Font Info:    ... okay on input line 69.
LaTeX Font Info:    Checking defaults for U/cmr/m/n on input line 69.
LaTeX Font Info:    ... okay on input line 69.
("C:\Program Files\MiKTeX 2.9\tex\context\base\supp-pdf.mkii"
[Loading MPS to PDF converter (version 2006.09.02).]
\scratchcounter=\count108
\scratchdimen=\dimen118
\scratchbox=\box31
\nofMPsegments=\count109
\nofMParguments=\count110
\everyMPshowfont=\toks23
\MPscratchCnt=\count111
\MPscratchDim=\dimen119
\MPnumerator=\count112
\makeMPintoPDFobject=\count113
\everyMPtoPDFconversion=\toks24
) ("C:\Program Files\MiKTeX 2.9\tex\latex\oberdiek\epstopdf-base.sty"
Package: epstopdf-base 2016/05/15 v2.6 Base part for package epstopdf
("C:\Program Files\MiKTeX 2.9\tex\latex\oberdiek\grfext.sty"
Package: grfext 2016/05/16 v1.2 Manage graphics extensions (HO)
("C:\Program Files\MiKTeX 2.9\tex\generic\oberdiek\kvdefinekeys.sty"
Package: kvdefinekeys 2016/05/16 v1.4 Define keys (HO)
)) ("C:\Program Files\MiKTeX 2.9\tex\generic\oberdiek\pdftexcmds.sty"
Package: pdftexcmds 2018/09/10 v0.29 Utility functions of pdfTeX for LuaTeX (HO
)
("C:\Program Files\MiKTeX 2.9\tex\generic\oberdiek\ifpdf.sty"
Package: ifpdf 2018/09/07 v3.3 Provides the ifpdf switch
)
Package pdftexcmds Info: LuaTeX not detected.
Package pdftexcmds Info: \pdf@primitive is available.
Package pdftexcmds Info: \pdf@ifprimitive is available.
Package pdftexcmds Info: \pdfdraftmode found.
)
Package epstopdf-base Info: Redefining graphics rule for `.eps' on input line 4
38.
Package grfext Info: Graphics extension search list:
(grfext)             [.pdf,.png,.jpg,.mps,.jpeg,.jbig2,.jb2,.PDF,.PNG,.JPG,.JPE
G,.JBIG2,.JB2,.eps]
(grfext)             \AppendGraphicsExtensions on input line 456.
)

Package trackchanges Warning: TrackChanges is not compatable with the 
(trackchanges)                'ulem' package.
(trackchanges)                Use the 'soul' package instead.

ABD: EverySelectfont initializing macros
LaTeX Info: Redefining \selectfont on input line 69.
\c@maskedRefs=\count114
("C:\Program Files\MiKTeX 2.9\tex\latex\apacite\english.apc"
File: english.apc 2013/07/21 v6.03 apacite language file
LaTeX Info: Redefining \BPBI on input line 129.
LaTeX Info: Redefining \BHBI on input line 130.
)
LaTeX Font Info:    External font `cmex10' loaded for size
(Font)              <7> on input line 122.
LaTeX Font Info:    External font `cmex10' loaded for size
(Font)              <5> on input line 122.
LaTeX Font Info:    External font `cmex10' loaded for size
(Font)              <8> on input line 131.
LaTeX Font Info:    External font `cmex10' loaded for size
(Font)              <6> on input line 131.

Overfull \hbox (10.50473pt too wide) in paragraph at lines 163--165
[]\OT1/cmr/m/n/10 We present an open dataset that matches Land-sat im-agery to 
\OT1/cmr/m/it/10 in-situ \OT1/cmr/m/n/10 wa-ter qual- 
 []


Overfull \hbox (9.9878pt too wide) in paragraph at lines 165--167
[]\OT1/cmr/m/n/10 The dataset, AquaSat, is the largest such dataset ever as-sem
-bled with more than 
 []

[1{C:/Users/mrvr/AppData/Local/MiKTeX/2.9/pdftex/config/pdftex.map}]

LaTeX Font Warning: Font shape `OT1/cmr/m/n' in size <10.5> not available
(Font)              size <10.95> substituted on input line 189.


LaTeX Font Warning: Font shape `OT1/cmr/bx/n' in size <10.5> not available
(Font)              size <10.95> substituted on input line 189.


Overfull \hbox (24.18239pt too wide) in paragraph at lines 191--194
[]\OT1/cmr/m/n/10 The main text should start with an in-tro-duc-tion. Ex-cept f
or short manuscripts (such 
 []


Overfull \hbox (26.09898pt too wide) in paragraph at lines 191--194
\OT1/cmr/m/n/10 as com-ments and replies), the text should be di-vided into sec
-tions, each with its own head- 
 []


Overfull \hbox (1.43224pt too wide) in paragraph at lines 195--199
[]\OT1/cmr/m/n/10 Headings should be sen-tence frag-ments and do not be-gin wit
h a low-er-case let-ter 
 []


Overfull \hbox (16.3768pt too wide) in paragraph at lines 195--199
\OT1/cmr/m/n/10 or num-ber. Cap-i-tal-ize the first let-ter of each word (ex-ce
pt for prepo-si-tions, con-junc-tions, 
 []


Overfull \hbox (2.01555pt too wide) in paragraph at lines 204--206
[]\OT1/cmr/m/n/10 Do not use bul-leted lists; enu-mer-ated lists are okay. Use 
#. for list for a cleaner 
 []

LaTeX Font Info:    Try loading font information for OMS+cmr on input line 216.

("C:\Program Files\MiKTeX 2.9\tex\latex\base\omscmr.fd"
File: omscmr.fd 2014/09/29 v2.5h Standard LaTeX font definitions
)
LaTeX Font Info:    Font shape `OMS/cmr/m/n' in size <10> not available
(Font)              Font shape `OMS/cmsy/m/n' tried instead on input line 216.

Overfull \hbox (12.09886pt too wide) in paragraph at lines 216--225
[]\OT1/cmr/m/n/10 Please use ONLY \OMS/cmsy/m/n/10 n\OT1/cmr/m/n/10 citet and \
OMS/cmsy/m/n/10 n\OT1/cmr/m/n/10 citep for ref-er-ence ci-ta-tions. DO NOT use 
other cite 
 []


Overfull \hbox (21.23793pt too wide) in paragraph at lines 216--225
\OT1/cmr/m/n/10 com-mands (e.g., \OMS/cmsy/m/n/10 n\OT1/cmr/m/n/10 cite, \OMS/c
msy/m/n/10 n\OT1/cmr/m/n/10 citeyear, \OMS/cmsy/m/n/10 n\OT1/cmr/m/n/10 nocite,
 \OMS/cmsy/m/n/10 n\OT1/cmr/m/n/10 citealp, etc.). Ex-am-ple \OMS/cmsy/m/n/10 n
\OT1/cmr/m/n/10 citet and \OMS/cmsy/m/n/10 n\OT1/cmr/m/n/10 citep: ...as 
 []


Overfull \hbox (15.76576pt too wide) in paragraph at lines 216--225
\OT1/cmr/m/n/10 shown by Lev-i-tus et al.[] (2012), Nun-cio, Luis, and Yuan (20
11) and Raphael (2004) ...as 
 []


Overfull \hbox (23.40463pt too wide) in paragraph at lines 216--225
\OT1/cmr/m/n/10 shown by (Lev-i-tus et al.[], 2012), (Nun-cio et al.[], 2011), 
(Raphael, 2004). ...has been shown 
 []


Overfull \hbox (16.18227pt too wide) in paragraph at lines 230--232
[]\OT1/cmr/m/n/10 As of 2018 we rec-om-mend use of the TrackChanges pack-age to
 mark re-vi-sions. The 
 []


Underfull \vbox (badness 10000) has occurred while \output is active []

[2]
Overfull \hbox (5.59889pt too wide) in paragraph at lines 249--254
[]\OT1/cmr/m/n/10 Enter Fig-ures and Ta-bles near as pos-si-ble to where they a
re first men-tioned: DO 
 []


Overfull \hbox (37.21027pt too wide) in paragraph at lines 249--254
\OT1/cmr/m/n/10 NOT USE \OMS/cmsy/m/n/10 n\OT1/cmr/m/n/10 psfrag or \OMS/cmsy/m
/n/10 n\OT1/cmr/m/n/10 subfigure com-mands. DO NOT USE \OMS/cmsy/m/n/10 n\OT1/c
mr/m/n/10 newcommand, \OMS/cmsy/m/n/10 n\OT1/cmr/m/n/10 renewcommand, 
 []

<AquaSat_WRR_Submission_files/figure-latex/unnamed-chunk-2-1.pdf, id=21, 469.75
5pt x 325.215pt>
File: AquaSat_WRR_Submission_files/figure-latex/unnamed-chunk-2-1.pdf Graphic f
ile (type pdf)
<use AquaSat_WRR_Submission_files/figure-latex/unnamed-chunk-2-1.pdf>
Package pdftex.def Info: AquaSat_WRR_Submission_files/figure-latex/unnamed-chun
k-2-1.pdf  used on input line 256.
(pdftex.def)             Requested size: 469.75386pt x 325.2142pt.

Overfull \hbox (72.26888pt too wide) in paragraph at lines 256--256
[][] 
 []


LaTeX Warning: `h' float specifier changed to `ht'.

LaTeX Font Info:    External font `cmex10' loaded for size
(Font)              <9> on input line 262.

Overfull \hbox (2.25162pt too wide) in paragraph at lines 281--283
[]\OT1/cmr/m/n/10 AGU prefers the use of \OMS/cmsy/m/n/10 f\OT1/cmr/m/n/10 side
waystable\OMS/cmsy/m/n/10 g \OT1/cmr/m/n/10 over \OMS/cmsy/m/n/10 f\OT1/cmr/m/n
/10 landscapetable\OMS/cmsy/m/n/10 g \OT1/cmr/m/n/10 as it causes fewer 
 []


Underfull \vbox (badness 10000) has occurred while \output is active []

[3]
<AquaSat_WRR_Submission_files/figure-latex/unnamed-chunk-3-1.pdf, id=29, 469.75
5pt x 325.215pt>
File: AquaSat_WRR_Submission_files/figure-latex/unnamed-chunk-3-1.pdf Graphic f
ile (type pdf)
<use AquaSat_WRR_Submission_files/figure-latex/unnamed-chunk-3-1.pdf>
Package pdftex.def Info: AquaSat_WRR_Submission_files/figure-latex/unnamed-chun
k-3-1.pdf  used on input line 285.
(pdftex.def)             Requested size: 469.75386pt x 325.2142pt.

Overfull \hbox (2.2657pt too wide) in paragraph at lines 297--300
[]\OT1/cmr/m/n/10 If us-ing num-bered lines, please sur-round equa-tions with \
OMS/cmsy/m/n/10 n\OT1/cmr/m/n/10 begin\OMS/cmsy/m/n/10 f\OT1/cmr/m/n/10 linenom
ath*\OMS/cmsy/m/n/10 g\OT1/cmr/m/n/10 ... 
 []

[4 <./AquaSat_WRR_Submission_files/figure-latex/unnamed-chunk-2-1.pdf>] [5 <./A
quaSat_WRR_Submission_files/figure-latex/unnamed-chunk-3-1.pdf>] [6]
Overfull \hbox (4.35988pt too wide) in paragraph at lines 339--343
[]\OT1/cmr/m/n/10 Equation in German-born physi-cist Al-bert Ein-stein's the-or
y of spe-cial rel-a- 
 []


Overfull \hbox (8.43468pt too wide) in paragraph at lines 339--343
\OT1/cmr/m/n/10 tiv-ity that showed that the in-creased rel-a-tivis-tic mass ($
\OML/cmm/m/it/10 m$\OT1/cmr/m/n/10 ) of a body comes from 
 []


Overfull \hbox (11.25182pt too wide) in paragraph at lines 339--343
\OT1/cmr/m/n/10 the en-ergy of mo-tion of the body|that is, its ki-netic en-erg
y ($\OML/cmm/m/it/10 E$\OT1/cmr/m/n/10 )|divided by the 
 []


Overfull \hbox (1.70999pt too wide) in paragraph at lines 347--350
[]\OT1/cmr/m/n/10 The ac-knowl-edg-ments must list: A state-ment that in-di-cat
es to the reader where 
 []


Overfull \hbox (10.46014pt too wide) in paragraph at lines 347--350
\OT1/cmr/m/n/10 the data sup-port-ing the con-clu-sions can be ob-tained (for e
x-am-ple, in the ref-er-ences, ta- 
 []


Overfull \hbox (6.2935pt too wide) in paragraph at lines 355--357
[]\OT1/cmr/m/n/10 Other af-fil-i-a-tions for any au-thor that may be per-ceived
 as hav-ing a con-flict of in- 
 []

(AquaSat_WRR_Submission.bbl
Underfull \hbox (badness 10000) in paragraph at lines 14--38
[]\OT1/cmr/m/n/10 Levitus, S., Yarosh, E. S., Zweng, M. M., Antonov, J. I., Boy
er, T. P., Bara-nova, 
 []


Underfull \hbox (badness 10000) in paragraph at lines 14--38
\OT1/cmr/m/n/10 trieved from $\OT1/cmtt/m/n/10 http :// www [] .agu [] .org / p
ubs / crossref / pip / 2012GL051106 [] .shtml$ 
 []


Underfull \vbox (badness 10000) has occurred while \output is active []

[7]
Underfull \hbox (badness 2790) in paragraph at lines 52--69
[]\OT1/cmr/m/n/10 Nuncio, M., Luis, A. J., & Yuan, X.  (2011).  To-po-graphic m
e-an-der-ing of Antarc- 
 []


Underfull \hbox (badness 10000) in paragraph at lines 52--69
\OT1/cmr/m/n/10 tic Cir-cum-po-lar Cur-rent and Antarc-tic Cir-cum-po-lar Wave 
in the ice-ocean- 
 []


Underfull \hbox (badness 10000) in paragraph at lines 52--69
\OT1/cmr/m/n/10 atmosphere sys-tem.  \OT1/cmr/m/it/10 Geo-phys-i-cal Re-search 
Let-ters\OT1/cmr/m/n/10 , \OT1/cmr/m/it/10 38\OT1/cmr/m/n/10 (13), 1--5.  doi: 

 []


Underfull \hbox (badness 10000) in paragraph at lines 81--97
[]\OT1/cmr/m/n/10 Raphael, M. N.  (2004).  A zonal wave 3 in-dex for the South-
ern Hemi-sphere. 
 []


Underfull \hbox (badness 10000) in paragraph at lines 81--97
\OT1/cmr/m/it/10 Geo-phys-i-cal Re-search Let-ters\OT1/cmr/m/n/10 , \OT1/cmr/m/
it/10 31\OT1/cmr/m/n/10 (23), 1--4.  Re-trieved from $\OT1/cmtt/m/n/10 http ://
 
 []

) [8] (AquaSat_WRR_Submission.aux)

LaTeX Font Warning: Size substitutions with differences
(Font)              up to 0.45pt have occurred.

 ) 
Here is how much of TeX's memory you used:
 3722 strings out of 492968
 51134 string characters out of 3135755
 124777 words of memory out of 3000000
 7513 multiletter control sequences out of 15000+200000
 12398 words of font info for 44 fonts, out of 3000000 for 9000
 1147 hyphenation exceptions out of 8191
 50i,10n,37p,304b,337s stack positions out of 5000i,500n,10000p,200000b,50000s
<C:/Program Files/MiKTeX 2.9/fonts/type1/public/amsfonts/cm/cmbx10.pfb><C:/Pr
ogram Files/MiKTeX 2.9/fonts/type1/public/amsfonts/cm/cmbx12.pfb><C:/Program Fi
les/MiKTeX 2.9/fonts/type1/public/amsfonts/cm/cmbx7.pfb><C:/Program Files/MiKTe
X 2.9/fonts/type1/public/amsfonts/cm/cmbx9.pfb><C:/Program Files/MiKTeX 2.9/fon
ts/type1/public/amsfonts/cm/cmmi10.pfb><C:/Program Files/MiKTeX 2.9/fonts/type1
/public/amsfonts/cm/cmmi6.pfb><C:/Program Files/MiKTeX 2.9/fonts/type1/public/a
msfonts/cm/cmmi7.pfb><C:/Program Files/MiKTeX 2.9/fonts/type1/public/amsfonts/c
m/cmmib10.pfb><C:/Program Files/MiKTeX 2.9/fonts/type1/public/amsfonts/cm/cmr10
.pfb><C:/Program Files/MiKTeX 2.9/fonts/type1/public/amsfonts/cm/cmr6.pfb><C:/P
rogram Files/MiKTeX 2.9/fonts/type1/public/amsfonts/cm/cmr7.pfb><C:/Program Fil
es/MiKTeX 2.9/fonts/type1/public/amsfonts/cm/cmr8.pfb><C:/Program Files/MiKTeX 
2.9/fonts/type1/public/amsfonts/cm/cmr9.pfb><C:/Program Files/MiKTeX 2.9/fonts/
type1/public/amsfonts/cm/cmss8.pfb><C:/Program Files/MiKTeX 2.9/fonts/type1/pub
lic/amsfonts/cm/cmsy10.pfb><C:/Program Files/MiKTeX 2.9/fonts/type1/public/amsf
onts/cm/cmsy5.pfb><C:/Program Files/MiKTeX 2.9/fonts/type1/public/amsfonts/cm/c
mti10.pfb><C:/Program Files/MiKTeX 2.9/fonts/type1/public/amsfonts/cm/cmti9.pfb
><C:/Program Files/MiKTeX 2.9/fonts/type1/public/amsfonts/cm/cmtt10.pfb><C:/Pro
gram Files/MiKTeX 2.9/fonts/type1/public/amsfonts/cm/cmtt9.pfb>
Output written on AquaSat_WRR_Submission.pdf (8 pages, 251748 bytes).
PDF statistics:
 121 PDF objects out of 1000 (max. 8388607)
 0 named destinations out of 1000 (max. 500000)
 11 words of extra memory for PDF output out of 10000 (max. 10000000)

